<?xml version="1.0" encoding="UTF-8"?>
<testng-results ignored="0" total="2" passed="2" failed="0" skipped="0">
  <reporter-output>
  </reporter-output>
  <suite started-at="2024-07-06T23:55:36 IST" name="Default suite" finished-at="2024-07-06T23:56:55 IST" duration-ms="79295">
    <groups>
    </groups>
    <test started-at="2024-07-06T23:55:36 IST" name="Default test" finished-at="2024-07-06T23:56:55 IST" duration-ms="79295">
      <class name="main.AutomationProject.AppTest">
        <test-method is-config="true" signature="Launching()[pri:0, instance:main.AutomationProject.AppTest@31da6b2e]" started-at="2024-07-06T23:55:36 IST" name="Launching" finished-at="2024-07-06T23:56:25 IST" duration-ms="49007" status="PASS">
          <reporter-output>
          </reporter-output>
        </test-method> <!-- Launching -->
        <test-method signature="Login()[pri:1, instance:main.AutomationProject.AppTest@31da6b2e]" started-at="2024-07-06T23:56:25 IST" name="Login" finished-at="2024-07-06T23:56:46 IST" duration-ms="21328" status="PASS">
          <reporter-output>
          </reporter-output>
        </test-method> <!-- Login -->
        <test-method signature="verification()[pri:2, instance:main.AutomationProject.AppTest@31da6b2e]" started-at="2024-07-06T23:56:46 IST" name="verification" finished-at="2024-07-06T23:56:50 IST" duration-ms="4194" status="PASS">
          <reporter-output>
          </reporter-output>
        </test-method> <!-- verification -->
        <test-method is-config="true" signature="End()[pri:0, instance:main.AutomationProject.AppTest@31da6b2e]" started-at="2024-07-06T23:56:50 IST" name="End" finished-at="2024-07-06T23:56:55 IST" duration-ms="4739" status="PASS">
          <reporter-output>
          </reporter-output>
        </test-method> <!-- End -->
      </class> <!-- main.AutomationProject.AppTest -->
    </test> <!-- Default test -->
  </suite> <!-- Default suite -->
</testng-results>
